{"name": "Change user password - Test A01", "status": "failed", "statusDetails": {"message": "AssertionError: assert False", "trace": "self = <Tests.Check_out_forms_Test_PageTT05.Test_checkout_forms object at 0x00000202D6DFFDA0>\nusername = 'jaber@xsense.co', password = 'jaberr'\n\n    @allure.severity(Severity.CRITICAL)\n    @allure.title(\"Change user password - Test A01\")\n    @allure.description(\"logging in,Navigates to my account page,navigate to change password page,and change password\")\n    @pytest.mark.parametrize(\"username,password,\", users)\n    def test_Complete_order_test(self, username, password):\n        product = Choose_product(self.driver)\n        Login = login(self.driver)\n        user = user_actions(self.driver)\n        Checkout=Checkoutforms(self.driver)\n        with allure.step(\"Login page steps\"):\n            Login.menu_button()\n            Login.wait(2)\n            Login.login_L01()\n            Login.wait(2)\n            Login.fill_info(username, password)\n            Login.wait(2)\n            Login.loginbtn()\n        with allure.step(\"Choose product category\"):\n            product.delay(5)\n            product.choose_category(\"Desktops\")\n            product.delay(5)\n        with allure.step(\"Choose product\"):\n            product.delay(5)\n            product.choose_product(\"HP LP3065\")\n        with allure.step(\"add to cart\"):\n            product.delay(5)\n            product.add_to_cart()\n            product.delay(5)\n            product.naviagte_to_cart()\n            product.delay(5)\n        with allure.step(\"Checkout button\"):\n            Checkout.delay(3)\n            Checkout.checkout()\n        with allure.step(\"Checkout - Billing details\"):\n            Checkout.delay(3)\n            Checkout.billing_details(\"13701\")\n        with allure.step(\"Delivery details\"):\n            Checkout.delay(3)\n            Checkout.delivery_details(\"14250\")\n        with allure.step(\"Delivery method\"):\n            Checkout.delay(4)\n            Checkout.delivery_method(\"UPS Delivery method\")\n        with allure.step(\"Payment method\"):\n            Checkout.delay(4)\n            Checkout.Payment_method(\"Method one\")\n        with allure.step(\"Confirm Order\"):\n            Checkout.delay(4)\n            Checkout.confirm_order()\n            Checkout.delay(6)\n            if Checkout.confirm_order_validation():\n                assert True\n>           assert False\nE           assert False\n\nCheck_out_forms_Test_PageTT05.py:82: AssertionError"}, "description": "logging in,Navigates to my account page,navigate to change password page,and change password", "steps": [{"name": "Login page steps", "status": "passed", "steps": [{"name": "login with username: 'jaber@xsense.co' and password : 'jaberr'", "status": "passed", "parameters": [{"name": "username", "value": "'jaber@xsense.co'"}, {"name": "password", "value": "'jaberr'"}], "start": 1740830920026, "stop": 1740830932319}], "start": 1740830902280, "stop": 1740830938894}, {"name": "Choose product category", "status": "passed", "start": 1740830938894, "stop": 1740830983505}, {"name": "Choose product", "status": "passed", "start": 1740830983505, "stop": 1740830991695}, {"name": "add to cart", "status": "passed", "start": 1740830991696, "stop": 1740831024276}, {"name": "Checkout button", "status": "passed", "start": 1740831024276, "stop": 1740831034346}, {"name": "Checkout - Billing details", "status": "passed", "start": 1740831034346, "stop": 1740831045560}, {"name": "Delivery details", "status": "passed", "start": 1740831045561, "stop": 1740831062812}, {"name": "Delivery method", "status": "passed", "start": 1740831062812, "stop": 1740831079071}, {"name": "Payment method", "status": "passed", "start": 1740831079071, "stop": 1740831095407}, {"name": "Confirm Order", "status": "failed", "statusDetails": {"message": "AssertionError: assert False\n", "trace": "  File \"C:\\Users\\jaber\\PycharmProjects\\Final_Project\\Tests\\Check_out_forms_Test_PageTT05.py\", line 82, in test_Complete_order_test\n    assert False\n"}, "start": 1740831095407, "stop": 1740831116601}], "attachments": [{"name": "screenshot", "source": "cae1d42b-6772-4824-a0a2-8f903f9bd49d-attachment.png", "type": "image/png"}, {"name": "stdout", "source": "5c1cb427-3794-42ba-ac8b-b5656b1ef652-attachment.txt", "type": "text/plain"}], "parameters": [{"name": "username", "value": "'jaber@xsense.co'"}, {"name": "password", "value": "'jaberr'"}], "start": 1740830902280, "stop": 1740831116603, "uuid": "7f955240-dcaa-469e-a2d7-e59ed9d9693f", "historyId": "b2eb1056f5280497cf44cedbbc677919", "testCaseId": "35421094f9d5376859c637097f73c6c6", "fullName": "Check_out_forms_Test_PageTT05.Test_checkout_forms#test_Complete_order_test", "labels": [{"name": "severity", "value": "critical"}, {"name": "suite", "value": "Check_out_forms_Test_PageTT05"}, {"name": "subSuite", "value": "Test_checkout_forms"}, {"name": "host", "value": "Laptop_W530_2"}, {"name": "thread", "value": "24084-MainThread"}, {"name": "framework", "value": "pytest"}, {"name": "language", "value": "cpython3"}, {"name": "package", "value": "Check_out_forms_Test_PageTT05"}]}